<?xml version="1.0" encoding="UTF-8"?>
<testsuite xmlns:xsi="http://www.w3.org/2001/XMLSchema-instance" xsi:noNamespaceSchemaLocation="https://maven.apache.org/surefire/maven-surefire-plugin/xsd/surefire-test-report-3.0.xsd" version="3.0" name="com.redis.RedisApplicationTests" time="3.787" tests="1" errors="0" skipped="0" failures="0">
  <properties>
    <property name="java.specification.version" value="21"/>
    <property name="sun.cpu.isalist" value="amd64"/>
    <property name="sun.jnu.encoding" value="Cp1252"/>
    <property name="java.class.path" value="D:\Redis_Final\redis\target\test-classes;D:\Redis_Final\redis\target\classes;C:\Users\dheeraj.pampally\.m2\repository\org\springframework\boot\spring-boot-starter-data-jpa\3.3.2-SNAPSHOT\spring-boot-starter-data-jpa-3.3.2-SNAPSHOT.jar;C:\Users\dheeraj.pampally\.m2\repository\org\springframework\boot\spring-boot-starter-aop\3.3.2-SNAPSHOT\spring-boot-starter-aop-3.3.2-SNAPSHOT.jar;C:\Users\dheeraj.pampally\.m2\repository\org\springframework\spring-aop\6.1.11-SNAPSHOT\spring-aop-6.1.11-SNAPSHOT.jar;C:\Users\dheeraj.pampally\.m2\repository\org\aspectj\aspectjweaver\1.9.22\aspectjweaver-1.9.22.jar;C:\Users\dheeraj.pampally\.m2\repository\org\springframework\boot\spring-boot-starter-jdbc\3.3.2-SNAPSHOT\spring-boot-starter-jdbc-3.3.2-SNAPSHOT.jar;C:\Users\dheeraj.pampally\.m2\repository\com\zaxxer\HikariCP\5.1.0\HikariCP-5.1.0.jar;C:\Users\dheeraj.pampally\.m2\repository\org\springframework\spring-jdbc\6.1.11-SNAPSHOT\spring-jdbc-6.1.11-SNAPSHOT.jar;C:\Users\dheeraj.pampally\.m2\repository\org\hibernate\orm\hibernate-core\6.5.2.Final\hibernate-core-6.5.2.Final.jar;C:\Users\dheeraj.pampally\.m2\repository\jakarta\persistence\jakarta.persistence-api\3.1.0\jakarta.persistence-api-3.1.0.jar;C:\Users\dheeraj.pampally\.m2\repository\jakarta\transaction\jakarta.transaction-api\2.0.1\jakarta.transaction-api-2.0.1.jar;C:\Users\dheeraj.pampally\.m2\repository\org\jboss\logging\jboss-logging\3.5.3.Final\jboss-logging-3.5.3.Final.jar;C:\Users\dheeraj.pampally\.m2\repository\org\hibernate\common\hibernate-commons-annotations\6.0.6.Final\hibernate-commons-annotations-6.0.6.Final.jar;C:\Users\dheeraj.pampally\.m2\repository\io\smallrye\jandex\3.1.2\jandex-3.1.2.jar;C:\Users\dheeraj.pampally\.m2\repository\com\fasterxml\classmate\1.7.0\classmate-1.7.0.jar;C:\Users\dheeraj.pampally\.m2\repository\net\bytebuddy\byte-buddy\1.14.17\byte-buddy-1.14.17.jar;C:\Users\dheeraj.pampally\.m2\repository\org\glassfish\jaxb\jaxb-runtime\4.0.5\jaxb-runtime-4.0.5.jar;C:\Users\dheeraj.pampally\.m2\repository\org\glassfish\jaxb\jaxb-core\4.0.5\jaxb-core-4.0.5.jar;C:\Users\dheeraj.pampally\.m2\repository\org\eclipse\angus\angus-activation\2.0.2\angus-activation-2.0.2.jar;C:\Users\dheeraj.pampally\.m2\repository\org\glassfish\jaxb\txw2\4.0.5\txw2-4.0.5.jar;C:\Users\dheeraj.pampally\.m2\repository\com\sun\istack\istack-commons-runtime\4.1.2\istack-commons-runtime-4.1.2.jar;C:\Users\dheeraj.pampally\.m2\repository\jakarta\inject\jakarta.inject-api\2.0.1\jakarta.inject-api-2.0.1.jar;C:\Users\dheeraj.pampally\.m2\repository\org\antlr\antlr4-runtime\4.13.0\antlr4-runtime-4.13.0.jar;C:\Users\dheeraj.pampally\.m2\repository\org\springframework\data\spring-data-jpa\3.3.2-SNAPSHOT\spring-data-jpa-3.3.2-SNAPSHOT.jar;C:\Users\dheeraj.pampally\.m2\repository\org\springframework\data\spring-data-commons\3.3.2-SNAPSHOT\spring-data-commons-3.3.2-SNAPSHOT.jar;C:\Users\dheeraj.pampally\.m2\repository\org\springframework\spring-orm\6.1.11-SNAPSHOT\spring-orm-6.1.11-SNAPSHOT.jar;C:\Users\dheeraj.pampally\.m2\repository\org\springframework\spring-context\6.1.11-SNAPSHOT\spring-context-6.1.11-SNAPSHOT.jar;C:\Users\dheeraj.pampally\.m2\repository\org\springframework\spring-tx\6.1.11-SNAPSHOT\spring-tx-6.1.11-SNAPSHOT.jar;C:\Users\dheeraj.pampally\.m2\repository\org\springframework\spring-beans\6.1.11-SNAPSHOT\spring-beans-6.1.11-SNAPSHOT.jar;C:\Users\dheeraj.pampally\.m2\repository\jakarta\annotation\jakarta.annotation-api\2.1.1\jakarta.annotation-api-2.1.1.jar;C:\Users\dheeraj.pampally\.m2\repository\org\slf4j\slf4j-api\2.0.13\slf4j-api-2.0.13.jar;C:\Users\dheeraj.pampally\.m2\repository\org\springframework\spring-aspects\6.1.11-SNAPSHOT\spring-aspects-6.1.11-SNAPSHOT.jar;C:\Users\dheeraj.pampally\.m2\repository\org\springframework\boot\spring-boot-starter-data-redis\3.3.2-SNAPSHOT\spring-boot-starter-data-redis-3.3.2-SNAPSHOT.jar;C:\Users\dheeraj.pampally\.m2\repository\org\springframework\boot\spring-boot-starter\3.3.2-SNAPSHOT\spring-boot-starter-3.3.2-SNAPSHOT.jar;C:\Users\dheeraj.pampally\.m2\repository\org\springframework\boot\spring-boot\3.3.2-SNAPSHOT\spring-boot-3.3.2-SNAPSHOT.jar;C:\Users\dheeraj.pampally\.m2\repository\org\springframework\boot\spring-boot-autoconfigure\3.3.2-SNAPSHOT\spring-boot-autoconfigure-3.3.2-SNAPSHOT.jar;C:\Users\dheeraj.pampally\.m2\repository\org\springframework\boot\spring-boot-starter-logging\3.3.2-SNAPSHOT\spring-boot-starter-logging-3.3.2-SNAPSHOT.jar;C:\Users\dheeraj.pampally\.m2\repository\ch\qos\logback\logback-classic\1.5.6\logback-classic-1.5.6.jar;C:\Users\dheeraj.pampally\.m2\repository\ch\qos\logback\logback-core\1.5.6\logback-core-1.5.6.jar;C:\Users\dheeraj.pampally\.m2\repository\org\apache\logging\log4j\log4j-to-slf4j\2.23.1\log4j-to-slf4j-2.23.1.jar;C:\Users\dheeraj.pampally\.m2\repository\org\apache\logging\log4j\log4j-api\2.23.1\log4j-api-2.23.1.jar;C:\Users\dheeraj.pampally\.m2\repository\org\slf4j\jul-to-slf4j\2.0.13\jul-to-slf4j-2.0.13.jar;C:\Users\dheeraj.pampally\.m2\repository\org\yaml\snakeyaml\2.2\snakeyaml-2.2.jar;C:\Users\dheeraj.pampally\.m2\repository\io\lettuce\lettuce-core\6.3.2.RELEASE\lettuce-core-6.3.2.RELEASE.jar;C:\Users\dheeraj.pampally\.m2\repository\io\netty\netty-common\4.1.111.Final\netty-common-4.1.111.Final.jar;C:\Users\dheeraj.pampally\.m2\repository\io\netty\netty-handler\4.1.111.Final\netty-handler-4.1.111.Final.jar;C:\Users\dheeraj.pampally\.m2\repository\io\netty\netty-resolver\4.1.111.Final\netty-resolver-4.1.111.Final.jar;C:\Users\dheeraj.pampally\.m2\repository\io\netty\netty-buffer\4.1.111.Final\netty-buffer-4.1.111.Final.jar;C:\Users\dheeraj.pampally\.m2\repository\io\netty\netty-transport-native-unix-common\4.1.111.Final\netty-transport-native-unix-common-4.1.111.Final.jar;C:\Users\dheeraj.pampally\.m2\repository\io\netty\netty-codec\4.1.111.Final\netty-codec-4.1.111.Final.jar;C:\Users\dheeraj.pampally\.m2\repository\io\netty\netty-transport\4.1.111.Final\netty-transport-4.1.111.Final.jar;C:\Users\dheeraj.pampally\.m2\repository\org\springframework\data\spring-data-redis\3.3.2-SNAPSHOT\spring-data-redis-3.3.2-SNAPSHOT.jar;C:\Users\dheeraj.pampally\.m2\repository\org\springframework\data\spring-data-keyvalue\3.3.2-SNAPSHOT\spring-data-keyvalue-3.3.2-SNAPSHOT.jar;C:\Users\dheeraj.pampally\.m2\repository\org\springframework\spring-oxm\6.1.11-SNAPSHOT\spring-oxm-6.1.11-SNAPSHOT.jar;C:\Users\dheeraj.pampally\.m2\repository\org\springframework\spring-context-support\6.1.11-SNAPSHOT\spring-context-support-6.1.11-SNAPSHOT.jar;C:\Users\dheeraj.pampally\.m2\repository\org\springframework\boot\spring-boot-starter-data-redis-reactive\3.3.2-SNAPSHOT\spring-boot-starter-data-redis-reactive-3.3.2-SNAPSHOT.jar;C:\Users\dheeraj.pampally\.m2\repository\io\projectreactor\reactor-core\3.6.7\reactor-core-3.6.7.jar;C:\Users\dheeraj.pampally\.m2\repository\org\reactivestreams\reactive-streams\1.0.4\reactive-streams-1.0.4.jar;C:\Users\dheeraj.pampally\.m2\repository\org\springframework\boot\spring-boot-starter-web\3.3.2-SNAPSHOT\spring-boot-starter-web-3.3.2-SNAPSHOT.jar;C:\Users\dheeraj.pampally\.m2\repository\org\springframework\boot\spring-boot-starter-json\3.3.2-SNAPSHOT\spring-boot-starter-json-3.3.2-SNAPSHOT.jar;C:\Users\dheeraj.pampally\.m2\repository\com\fasterxml\jackson\core\jackson-databind\2.17.1\jackson-databind-2.17.1.jar;C:\Users\dheeraj.pampally\.m2\repository\com\fasterxml\jackson\core\jackson-annotations\2.17.1\jackson-annotations-2.17.1.jar;C:\Users\dheeraj.pampally\.m2\repository\com\fasterxml\jackson\core\jackson-core\2.17.1\jackson-core-2.17.1.jar;C:\Users\dheeraj.pampally\.m2\repository\com\fasterxml\jackson\datatype\jackson-datatype-jdk8\2.17.1\jackson-datatype-jdk8-2.17.1.jar;C:\Users\dheeraj.pampally\.m2\repository\com\fasterxml\jackson\datatype\jackson-datatype-jsr310\2.17.1\jackson-datatype-jsr310-2.17.1.jar;C:\Users\dheeraj.pampally\.m2\repository\com\fasterxml\jackson\module\jackson-module-parameter-names\2.17.1\jackson-module-parameter-names-2.17.1.jar;C:\Users\dheeraj.pampally\.m2\repository\org\springframework\boot\spring-boot-starter-tomcat\3.3.2-SNAPSHOT\spring-boot-starter-tomcat-3.3.2-SNAPSHOT.jar;C:\Users\dheeraj.pampally\.m2\repository\org\apache\tomcat\embed\tomcat-embed-core\10.1.25\tomcat-embed-core-10.1.25.jar;C:\Users\dheeraj.pampally\.m2\repository\org\apache\tomcat\embed\tomcat-embed-el\10.1.25\tomcat-embed-el-10.1.25.jar;C:\Users\dheeraj.pampally\.m2\repository\org\apache\tomcat\embed\tomcat-embed-websocket\10.1.25\tomcat-embed-websocket-10.1.25.jar;C:\Users\dheeraj.pampally\.m2\repository\org\springframework\spring-web\6.1.11-SNAPSHOT\spring-web-6.1.11-SNAPSHOT.jar;C:\Users\dheeraj.pampally\.m2\repository\io\micrometer\micrometer-observation\1.13.2-SNAPSHOT\micrometer-observation-1.13.2-SNAPSHOT.jar;C:\Users\dheeraj.pampally\.m2\repository\io\micrometer\micrometer-commons\1.13.2-SNAPSHOT\micrometer-commons-1.13.2-SNAPSHOT.jar;C:\Users\dheeraj.pampally\.m2\repository\org\springframework\spring-webmvc\6.1.11-SNAPSHOT\spring-webmvc-6.1.11-SNAPSHOT.jar;C:\Users\dheeraj.pampally\.m2\repository\org\springframework\spring-expression\6.1.11-SNAPSHOT\spring-expression-6.1.11-SNAPSHOT.jar;C:\Users\dheeraj.pampally\.m2\repository\org\projectlombok\lombok\1.18.32\lombok-1.18.32.jar;C:\Users\dheeraj.pampally\.m2\repository\org\springframework\boot\spring-boot-starter-test\3.3.2-SNAPSHOT\spring-boot-starter-test-3.3.2-SNAPSHOT.jar;C:\Users\dheeraj.pampally\.m2\repository\org\springframework\boot\spring-boot-test\3.3.2-SNAPSHOT\spring-boot-test-3.3.2-SNAPSHOT.jar;C:\Users\dheeraj.pampally\.m2\repository\org\springframework\boot\spring-boot-test-autoconfigure\3.3.2-SNAPSHOT\spring-boot-test-autoconfigure-3.3.2-SNAPSHOT.jar;C:\Users\dheeraj.pampally\.m2\repository\com\jayway\jsonpath\json-path\2.9.0\json-path-2.9.0.jar;C:\Users\dheeraj.pampally\.m2\repository\jakarta\xml\bind\jakarta.xml.bind-api\4.0.2\jakarta.xml.bind-api-4.0.2.jar;C:\Users\dheeraj.pampally\.m2\repository\jakarta\activation\jakarta.activation-api\2.1.3\jakarta.activation-api-2.1.3.jar;C:\Users\dheeraj.pampally\.m2\repository\net\minidev\json-smart\2.5.1\json-smart-2.5.1.jar;C:\Users\dheeraj.pampally\.m2\repository\net\minidev\accessors-smart\2.5.1\accessors-smart-2.5.1.jar;C:\Users\dheeraj.pampally\.m2\repository\org\ow2\asm\asm\9.6\asm-9.6.jar;C:\Users\dheeraj.pampally\.m2\repository\org\assertj\assertj-core\3.25.3\assertj-core-3.25.3.jar;C:\Users\dheeraj.pampally\.m2\repository\org\awaitility\awaitility\4.2.1\awaitility-4.2.1.jar;C:\Users\dheeraj.pampally\.m2\repository\org\hamcrest\hamcrest\2.2\hamcrest-2.2.jar;C:\Users\dheeraj.pampally\.m2\repository\org\junit\jupiter\junit-jupiter\5.10.2\junit-jupiter-5.10.2.jar;C:\Users\dheeraj.pampally\.m2\repository\org\junit\jupiter\junit-jupiter-api\5.10.2\junit-jupiter-api-5.10.2.jar;C:\Users\dheeraj.pampally\.m2\repository\org\opentest4j\opentest4j\1.3.0\opentest4j-1.3.0.jar;C:\Users\dheeraj.pampally\.m2\repository\org\junit\platform\junit-platform-commons\1.10.2\junit-platform-commons-1.10.2.jar;C:\Users\dheeraj.pampally\.m2\repository\org\apiguardian\apiguardian-api\1.1.2\apiguardian-api-1.1.2.jar;C:\Users\dheeraj.pampally\.m2\repository\org\junit\jupiter\junit-jupiter-params\5.10.2\junit-jupiter-params-5.10.2.jar;C:\Users\dheeraj.pampally\.m2\repository\org\junit\jupiter\junit-jupiter-engine\5.10.2\junit-jupiter-engine-5.10.2.jar;C:\Users\dheeraj.pampally\.m2\repository\org\junit\platform\junit-platform-engine\1.10.2\junit-platform-engine-1.10.2.jar;C:\Users\dheeraj.pampally\.m2\repository\org\mockito\mockito-core\5.11.0\mockito-core-5.11.0.jar;C:\Users\dheeraj.pampally\.m2\repository\net\bytebuddy\byte-buddy-agent\1.14.17\byte-buddy-agent-1.14.17.jar;C:\Users\dheeraj.pampally\.m2\repository\org\objenesis\objenesis\3.3\objenesis-3.3.jar;C:\Users\dheeraj.pampally\.m2\repository\org\mockito\mockito-junit-jupiter\5.11.0\mockito-junit-jupiter-5.11.0.jar;C:\Users\dheeraj.pampally\.m2\repository\org\skyscreamer\jsonassert\1.5.1\jsonassert-1.5.1.jar;C:\Users\dheeraj.pampally\.m2\repository\com\vaadin\external\google\android-json\0.0.20131108.vaadin1\android-json-0.0.20131108.vaadin1.jar;C:\Users\dheeraj.pampally\.m2\repository\org\springframework\spring-core\6.1.11-SNAPSHOT\spring-core-6.1.11-SNAPSHOT.jar;C:\Users\dheeraj.pampally\.m2\repository\org\springframework\spring-jcl\6.1.11-SNAPSHOT\spring-jcl-6.1.11-SNAPSHOT.jar;C:\Users\dheeraj.pampally\.m2\repository\org\springframework\spring-test\6.1.11-SNAPSHOT\spring-test-6.1.11-SNAPSHOT.jar;C:\Users\dheeraj.pampally\.m2\repository\org\xmlunit\xmlunit-core\2.9.1\xmlunit-core-2.9.1.jar;C:\Users\dheeraj.pampally\.m2\repository\io\projectreactor\reactor-test\3.6.7\reactor-test-3.6.7.jar;"/>
    <property name="java.vm.vendor" value="Oracle Corporation"/>
    <property name="sun.arch.data.model" value="64"/>
    <property name="user.variant" value=""/>
    <property name="java.vendor.url" value="https://java.oracle.com/"/>
    <property name="user.timezone" value="Asia/Calcutta"/>
    <property name="org.jboss.logging.provider" value="slf4j"/>
    <property name="os.name" value="Windows 11"/>
    <property name="java.vm.specification.version" value="21"/>
    <property name="sun.java.launcher" value="SUN_STANDARD"/>
    <property name="user.country" value="IN"/>
    <property name="sun.boot.library.path" value="C:\Program Files\Java\jdk-21\bin"/>
    <property name="sun.java.command" value="C:\Users\dheeraj.pampally\AppData\Local\Temp\surefire3678075286049299493\surefirebooter-20240709170701377_3.jar C:\Users\dheeraj.pampally\AppData\Local\Temp\surefire3678075286049299493 2024-07-09T17-07-01_228-jvmRun1 surefire-20240709170701377_1tmp surefire_0-20240709170701377_2tmp"/>
    <property name="jdk.debug" value="release"/>
    <property name="surefire.test.class.path" value="D:\Redis_Final\redis\target\test-classes;D:\Redis_Final\redis\target\classes;C:\Users\dheeraj.pampally\.m2\repository\org\springframework\boot\spring-boot-starter-data-jpa\3.3.2-SNAPSHOT\spring-boot-starter-data-jpa-3.3.2-SNAPSHOT.jar;C:\Users\dheeraj.pampally\.m2\repository\org\springframework\boot\spring-boot-starter-aop\3.3.2-SNAPSHOT\spring-boot-starter-aop-3.3.2-SNAPSHOT.jar;C:\Users\dheeraj.pampally\.m2\repository\org\springframework\spring-aop\6.1.11-SNAPSHOT\spring-aop-6.1.11-SNAPSHOT.jar;C:\Users\dheeraj.pampally\.m2\repository\org\aspectj\aspectjweaver\1.9.22\aspectjweaver-1.9.22.jar;C:\Users\dheeraj.pampally\.m2\repository\org\springframework\boot\spring-boot-starter-jdbc\3.3.2-SNAPSHOT\spring-boot-starter-jdbc-3.3.2-SNAPSHOT.jar;C:\Users\dheeraj.pampally\.m2\repository\com\zaxxer\HikariCP\5.1.0\HikariCP-5.1.0.jar;C:\Users\dheeraj.pampally\.m2\repository\org\springframework\spring-jdbc\6.1.11-SNAPSHOT\spring-jdbc-6.1.11-SNAPSHOT.jar;C:\Users\dheeraj.pampally\.m2\repository\org\hibernate\orm\hibernate-core\6.5.2.Final\hibernate-core-6.5.2.Final.jar;C:\Users\dheeraj.pampally\.m2\repository\jakarta\persistence\jakarta.persistence-api\3.1.0\jakarta.persistence-api-3.1.0.jar;C:\Users\dheeraj.pampally\.m2\repository\jakarta\transaction\jakarta.transaction-api\2.0.1\jakarta.transaction-api-2.0.1.jar;C:\Users\dheeraj.pampally\.m2\repository\org\jboss\logging\jboss-logging\3.5.3.Final\jboss-logging-3.5.3.Final.jar;C:\Users\dheeraj.pampally\.m2\repository\org\hibernate\common\hibernate-commons-annotations\6.0.6.Final\hibernate-commons-annotations-6.0.6.Final.jar;C:\Users\dheeraj.pampally\.m2\repository\io\smallrye\jandex\3.1.2\jandex-3.1.2.jar;C:\Users\dheeraj.pampally\.m2\repository\com\fasterxml\classmate\1.7.0\classmate-1.7.0.jar;C:\Users\dheeraj.pampally\.m2\repository\net\bytebuddy\byte-buddy\1.14.17\byte-buddy-1.14.17.jar;C:\Users\dheeraj.pampally\.m2\repository\org\glassfish\jaxb\jaxb-runtime\4.0.5\jaxb-runtime-4.0.5.jar;C:\Users\dheeraj.pampally\.m2\repository\org\glassfish\jaxb\jaxb-core\4.0.5\jaxb-core-4.0.5.jar;C:\Users\dheeraj.pampally\.m2\repository\org\eclipse\angus\angus-activation\2.0.2\angus-activation-2.0.2.jar;C:\Users\dheeraj.pampally\.m2\repository\org\glassfish\jaxb\txw2\4.0.5\txw2-4.0.5.jar;C:\Users\dheeraj.pampally\.m2\repository\com\sun\istack\istack-commons-runtime\4.1.2\istack-commons-runtime-4.1.2.jar;C:\Users\dheeraj.pampally\.m2\repository\jakarta\inject\jakarta.inject-api\2.0.1\jakarta.inject-api-2.0.1.jar;C:\Users\dheeraj.pampally\.m2\repository\org\antlr\antlr4-runtime\4.13.0\antlr4-runtime-4.13.0.jar;C:\Users\dheeraj.pampally\.m2\repository\org\springframework\data\spring-data-jpa\3.3.2-SNAPSHOT\spring-data-jpa-3.3.2-SNAPSHOT.jar;C:\Users\dheeraj.pampally\.m2\repository\org\springframework\data\spring-data-commons\3.3.2-SNAPSHOT\spring-data-commons-3.3.2-SNAPSHOT.jar;C:\Users\dheeraj.pampally\.m2\repository\org\springframework\spring-orm\6.1.11-SNAPSHOT\spring-orm-6.1.11-SNAPSHOT.jar;C:\Users\dheeraj.pampally\.m2\repository\org\springframework\spring-context\6.1.11-SNAPSHOT\spring-context-6.1.11-SNAPSHOT.jar;C:\Users\dheeraj.pampally\.m2\repository\org\springframework\spring-tx\6.1.11-SNAPSHOT\spring-tx-6.1.11-SNAPSHOT.jar;C:\Users\dheeraj.pampally\.m2\repository\org\springframework\spring-beans\6.1.11-SNAPSHOT\spring-beans-6.1.11-SNAPSHOT.jar;C:\Users\dheeraj.pampally\.m2\repository\jakarta\annotation\jakarta.annotation-api\2.1.1\jakarta.annotation-api-2.1.1.jar;C:\Users\dheeraj.pampally\.m2\repository\org\slf4j\slf4j-api\2.0.13\slf4j-api-2.0.13.jar;C:\Users\dheeraj.pampally\.m2\repository\org\springframework\spring-aspects\6.1.11-SNAPSHOT\spring-aspects-6.1.11-SNAPSHOT.jar;C:\Users\dheeraj.pampally\.m2\repository\org\springframework\boot\spring-boot-starter-data-redis\3.3.2-SNAPSHOT\spring-boot-starter-data-redis-3.3.2-SNAPSHOT.jar;C:\Users\dheeraj.pampally\.m2\repository\org\springframework\boot\spring-boot-starter\3.3.2-SNAPSHOT\spring-boot-starter-3.3.2-SNAPSHOT.jar;C:\Users\dheeraj.pampally\.m2\repository\org\springframework\boot\spring-boot\3.3.2-SNAPSHOT\spring-boot-3.3.2-SNAPSHOT.jar;C:\Users\dheeraj.pampally\.m2\repository\org\springframework\boot\spring-boot-autoconfigure\3.3.2-SNAPSHOT\spring-boot-autoconfigure-3.3.2-SNAPSHOT.jar;C:\Users\dheeraj.pampally\.m2\repository\org\springframework\boot\spring-boot-starter-logging\3.3.2-SNAPSHOT\spring-boot-starter-logging-3.3.2-SNAPSHOT.jar;C:\Users\dheeraj.pampally\.m2\repository\ch\qos\logback\logback-classic\1.5.6\logback-classic-1.5.6.jar;C:\Users\dheeraj.pampally\.m2\repository\ch\qos\logback\logback-core\1.5.6\logback-core-1.5.6.jar;C:\Users\dheeraj.pampally\.m2\repository\org\apache\logging\log4j\log4j-to-slf4j\2.23.1\log4j-to-slf4j-2.23.1.jar;C:\Users\dheeraj.pampally\.m2\repository\org\apache\logging\log4j\log4j-api\2.23.1\log4j-api-2.23.1.jar;C:\Users\dheeraj.pampally\.m2\repository\org\slf4j\jul-to-slf4j\2.0.13\jul-to-slf4j-2.0.13.jar;C:\Users\dheeraj.pampally\.m2\repository\org\yaml\snakeyaml\2.2\snakeyaml-2.2.jar;C:\Users\dheeraj.pampally\.m2\repository\io\lettuce\lettuce-core\6.3.2.RELEASE\lettuce-core-6.3.2.RELEASE.jar;C:\Users\dheeraj.pampally\.m2\repository\io\netty\netty-common\4.1.111.Final\netty-common-4.1.111.Final.jar;C:\Users\dheeraj.pampally\.m2\repository\io\netty\netty-handler\4.1.111.Final\netty-handler-4.1.111.Final.jar;C:\Users\dheeraj.pampally\.m2\repository\io\netty\netty-resolver\4.1.111.Final\netty-resolver-4.1.111.Final.jar;C:\Users\dheeraj.pampally\.m2\repository\io\netty\netty-buffer\4.1.111.Final\netty-buffer-4.1.111.Final.jar;C:\Users\dheeraj.pampally\.m2\repository\io\netty\netty-transport-native-unix-common\4.1.111.Final\netty-transport-native-unix-common-4.1.111.Final.jar;C:\Users\dheeraj.pampally\.m2\repository\io\netty\netty-codec\4.1.111.Final\netty-codec-4.1.111.Final.jar;C:\Users\dheeraj.pampally\.m2\repository\io\netty\netty-transport\4.1.111.Final\netty-transport-4.1.111.Final.jar;C:\Users\dheeraj.pampally\.m2\repository\org\springframework\data\spring-data-redis\3.3.2-SNAPSHOT\spring-data-redis-3.3.2-SNAPSHOT.jar;C:\Users\dheeraj.pampally\.m2\repository\org\springframework\data\spring-data-keyvalue\3.3.2-SNAPSHOT\spring-data-keyvalue-3.3.2-SNAPSHOT.jar;C:\Users\dheeraj.pampally\.m2\repository\org\springframework\spring-oxm\6.1.11-SNAPSHOT\spring-oxm-6.1.11-SNAPSHOT.jar;C:\Users\dheeraj.pampally\.m2\repository\org\springframework\spring-context-support\6.1.11-SNAPSHOT\spring-context-support-6.1.11-SNAPSHOT.jar;C:\Users\dheeraj.pampally\.m2\repository\org\springframework\boot\spring-boot-starter-data-redis-reactive\3.3.2-SNAPSHOT\spring-boot-starter-data-redis-reactive-3.3.2-SNAPSHOT.jar;C:\Users\dheeraj.pampally\.m2\repository\io\projectreactor\reactor-core\3.6.7\reactor-core-3.6.7.jar;C:\Users\dheeraj.pampally\.m2\repository\org\reactivestreams\reactive-streams\1.0.4\reactive-streams-1.0.4.jar;C:\Users\dheeraj.pampally\.m2\repository\org\springframework\boot\spring-boot-starter-web\3.3.2-SNAPSHOT\spring-boot-starter-web-3.3.2-SNAPSHOT.jar;C:\Users\dheeraj.pampally\.m2\repository\org\springframework\boot\spring-boot-starter-json\3.3.2-SNAPSHOT\spring-boot-starter-json-3.3.2-SNAPSHOT.jar;C:\Users\dheeraj.pampally\.m2\repository\com\fasterxml\jackson\core\jackson-databind\2.17.1\jackson-databind-2.17.1.jar;C:\Users\dheeraj.pampally\.m2\repository\com\fasterxml\jackson\core\jackson-annotations\2.17.1\jackson-annotations-2.17.1.jar;C:\Users\dheeraj.pampally\.m2\repository\com\fasterxml\jackson\core\jackson-core\2.17.1\jackson-core-2.17.1.jar;C:\Users\dheeraj.pampally\.m2\repository\com\fasterxml\jackson\datatype\jackson-datatype-jdk8\2.17.1\jackson-datatype-jdk8-2.17.1.jar;C:\Users\dheeraj.pampally\.m2\repository\com\fasterxml\jackson\datatype\jackson-datatype-jsr310\2.17.1\jackson-datatype-jsr310-2.17.1.jar;C:\Users\dheeraj.pampally\.m2\repository\com\fasterxml\jackson\module\jackson-module-parameter-names\2.17.1\jackson-module-parameter-names-2.17.1.jar;C:\Users\dheeraj.pampally\.m2\repository\org\springframework\boot\spring-boot-starter-tomcat\3.3.2-SNAPSHOT\spring-boot-starter-tomcat-3.3.2-SNAPSHOT.jar;C:\Users\dheeraj.pampally\.m2\repository\org\apache\tomcat\embed\tomcat-embed-core\10.1.25\tomcat-embed-core-10.1.25.jar;C:\Users\dheeraj.pampally\.m2\repository\org\apache\tomcat\embed\tomcat-embed-el\10.1.25\tomcat-embed-el-10.1.25.jar;C:\Users\dheeraj.pampally\.m2\repository\org\apache\tomcat\embed\tomcat-embed-websocket\10.1.25\tomcat-embed-websocket-10.1.25.jar;C:\Users\dheeraj.pampally\.m2\repository\org\springframework\spring-web\6.1.11-SNAPSHOT\spring-web-6.1.11-SNAPSHOT.jar;C:\Users\dheeraj.pampally\.m2\repository\io\micrometer\micrometer-observation\1.13.2-SNAPSHOT\micrometer-observation-1.13.2-SNAPSHOT.jar;C:\Users\dheeraj.pampally\.m2\repository\io\micrometer\micrometer-commons\1.13.2-SNAPSHOT\micrometer-commons-1.13.2-SNAPSHOT.jar;C:\Users\dheeraj.pampally\.m2\repository\org\springframework\spring-webmvc\6.1.11-SNAPSHOT\spring-webmvc-6.1.11-SNAPSHOT.jar;C:\Users\dheeraj.pampally\.m2\repository\org\springframework\spring-expression\6.1.11-SNAPSHOT\spring-expression-6.1.11-SNAPSHOT.jar;C:\Users\dheeraj.pampally\.m2\repository\org\projectlombok\lombok\1.18.32\lombok-1.18.32.jar;C:\Users\dheeraj.pampally\.m2\repository\org\springframework\boot\spring-boot-starter-test\3.3.2-SNAPSHOT\spring-boot-starter-test-3.3.2-SNAPSHOT.jar;C:\Users\dheeraj.pampally\.m2\repository\org\springframework\boot\spring-boot-test\3.3.2-SNAPSHOT\spring-boot-test-3.3.2-SNAPSHOT.jar;C:\Users\dheeraj.pampally\.m2\repository\org\springframework\boot\spring-boot-test-autoconfigure\3.3.2-SNAPSHOT\spring-boot-test-autoconfigure-3.3.2-SNAPSHOT.jar;C:\Users\dheeraj.pampally\.m2\repository\com\jayway\jsonpath\json-path\2.9.0\json-path-2.9.0.jar;C:\Users\dheeraj.pampally\.m2\repository\jakarta\xml\bind\jakarta.xml.bind-api\4.0.2\jakarta.xml.bind-api-4.0.2.jar;C:\Users\dheeraj.pampally\.m2\repository\jakarta\activation\jakarta.activation-api\2.1.3\jakarta.activation-api-2.1.3.jar;C:\Users\dheeraj.pampally\.m2\repository\net\minidev\json-smart\2.5.1\json-smart-2.5.1.jar;C:\Users\dheeraj.pampally\.m2\repository\net\minidev\accessors-smart\2.5.1\accessors-smart-2.5.1.jar;C:\Users\dheeraj.pampally\.m2\repository\org\ow2\asm\asm\9.6\asm-9.6.jar;C:\Users\dheeraj.pampally\.m2\repository\org\assertj\assertj-core\3.25.3\assertj-core-3.25.3.jar;C:\Users\dheeraj.pampally\.m2\repository\org\awaitility\awaitility\4.2.1\awaitility-4.2.1.jar;C:\Users\dheeraj.pampally\.m2\repository\org\hamcrest\hamcrest\2.2\hamcrest-2.2.jar;C:\Users\dheeraj.pampally\.m2\repository\org\junit\jupiter\junit-jupiter\5.10.2\junit-jupiter-5.10.2.jar;C:\Users\dheeraj.pampally\.m2\repository\org\junit\jupiter\junit-jupiter-api\5.10.2\junit-jupiter-api-5.10.2.jar;C:\Users\dheeraj.pampally\.m2\repository\org\opentest4j\opentest4j\1.3.0\opentest4j-1.3.0.jar;C:\Users\dheeraj.pampally\.m2\repository\org\junit\platform\junit-platform-commons\1.10.2\junit-platform-commons-1.10.2.jar;C:\Users\dheeraj.pampally\.m2\repository\org\apiguardian\apiguardian-api\1.1.2\apiguardian-api-1.1.2.jar;C:\Users\dheeraj.pampally\.m2\repository\org\junit\jupiter\junit-jupiter-params\5.10.2\junit-jupiter-params-5.10.2.jar;C:\Users\dheeraj.pampally\.m2\repository\org\junit\jupiter\junit-jupiter-engine\5.10.2\junit-jupiter-engine-5.10.2.jar;C:\Users\dheeraj.pampally\.m2\repository\org\junit\platform\junit-platform-engine\1.10.2\junit-platform-engine-1.10.2.jar;C:\Users\dheeraj.pampally\.m2\repository\org\mockito\mockito-core\5.11.0\mockito-core-5.11.0.jar;C:\Users\dheeraj.pampally\.m2\repository\net\bytebuddy\byte-buddy-agent\1.14.17\byte-buddy-agent-1.14.17.jar;C:\Users\dheeraj.pampally\.m2\repository\org\objenesis\objenesis\3.3\objenesis-3.3.jar;C:\Users\dheeraj.pampally\.m2\repository\org\mockito\mockito-junit-jupiter\5.11.0\mockito-junit-jupiter-5.11.0.jar;C:\Users\dheeraj.pampally\.m2\repository\org\skyscreamer\jsonassert\1.5.1\jsonassert-1.5.1.jar;C:\Users\dheeraj.pampally\.m2\repository\com\vaadin\external\google\android-json\0.0.20131108.vaadin1\android-json-0.0.20131108.vaadin1.jar;C:\Users\dheeraj.pampally\.m2\repository\org\springframework\spring-core\6.1.11-SNAPSHOT\spring-core-6.1.11-SNAPSHOT.jar;C:\Users\dheeraj.pampally\.m2\repository\org\springframework\spring-jcl\6.1.11-SNAPSHOT\spring-jcl-6.1.11-SNAPSHOT.jar;C:\Users\dheeraj.pampally\.m2\repository\org\springframework\spring-test\6.1.11-SNAPSHOT\spring-test-6.1.11-SNAPSHOT.jar;C:\Users\dheeraj.pampally\.m2\repository\org\xmlunit\xmlunit-core\2.9.1\xmlunit-core-2.9.1.jar;C:\Users\dheeraj.pampally\.m2\repository\io\projectreactor\reactor-test\3.6.7\reactor-test-3.6.7.jar;"/>
    <property name="sun.cpu.endian" value="little"/>
    <property name="user.home" value="C:\Users\dheeraj.pampally"/>
    <property name="user.language" value="en"/>
    <property name="java.specification.vendor" value="Oracle Corporation"/>
    <property name="java.version.date" value="2024-04-16"/>
    <property name="java.home" value="C:\Program Files\Java\jdk-21"/>
    <property name="file.separator" value="\"/>
    <property name="basedir" value="D:\Redis_Final\redis"/>
    <property name="style.color" value="always"/>
    <property name="java.vm.compressedOopsMode" value="Zero based"/>
    <property name="line.separator" value="&#10;"/>
    <property name="java.vm.specification.vendor" value="Oracle Corporation"/>
    <property name="java.specification.name" value="Java Platform API Specification"/>
    <property name="FILE_LOG_CHARSET" value="UTF-8"/>
    <property name="java.awt.headless" value="true"/>
    <property name="surefire.real.class.path" value="C:\Users\dheeraj.pampally\AppData\Local\Temp\surefire3678075286049299493\surefirebooter-20240709170701377_3.jar"/>
    <property name="user.script" value=""/>
    <property name="sun.management.compiler" value="HotSpot 64-Bit Tiered Compilers"/>
    <property name="java.runtime.version" value="21.0.3+7-LTS-152"/>
    <property name="user.name" value="dheeraj.pampally"/>
    <property name="stdout.encoding" value="Cp1252"/>
    <property name="path.separator" value=";"/>
    <property name="os.version" value="10.0"/>
    <property name="java.runtime.name" value="Java(TM) SE Runtime Environment"/>
    <property name="file.encoding" value="UTF-8"/>
    <property name="java.vm.name" value="Java HotSpot(TM) 64-Bit Server VM"/>
    <property name="localRepository" value="C:\Users\dheeraj.pampally\.m2\repository"/>
    <property name="java.vendor.url.bug" value="https://bugreport.java.com/bugreport/"/>
    <property name="java.io.tmpdir" value="C:\Users\DHEERA~1.PAM\AppData\Local\Temp\"/>
    <property name="java.version" value="21.0.3"/>
    <property name="user.dir" value="D:\Redis_Final\redis"/>
    <property name="os.arch" value="amd64"/>
    <property name="java.vm.specification.name" value="Java Virtual Machine Specification"/>
    <property name="PID" value="22700"/>
    <property name="sun.os.patch.level" value=""/>
    <property name="CONSOLE_LOG_CHARSET" value="UTF-8"/>
    <property name="native.encoding" value="Cp1252"/>
    <property name="java.library.path" value="C:\Program Files\Java\jdk-21\bin;C:\Windows\Sun\Java\bin;C:\Windows\system32;C:\Windows;C:/Program Files/Java/jdk-21/bin/server;C:/Program Files/Java/jdk-21/bin;C:/Users/DHEERA~1.PAM/AppData/Local/Temp/eoiB28A.tmp//plugins/org.eclipse.justj.openjdk.hotspot.jre.minimal.stripped.win32.x86_64_17.0.11.v20240426-2108/jre/bin/server;C:/Users/DHEERA~1.PAM/AppData/Local/Temp/eoiB28A.tmp//plugins/org.eclipse.justj.openjdk.hotspot.jre.minimal.stripped.win32.x86_64_17.0.11.v20240426-2108/jre/bin;C:\Program Files\Common Files\Oracle\Java\javapath;C:\Program Files (x86)\Common Files\Oracle\Java\javapath;C:\Windows\system32;C:\Windows;C:\Windows\System32\Wbem;C:\Windows\System32\WindowsPowerShell\v1.0\;C:\Windows\System32\OpenSSH\;C:\Program Files\Docker\Docker\resources\bin;C:\Sybase\dll;C:\Sybase\bin;C:\Users\dheeraj.pampally\AppData\Local\Microsoft\WindowsApps;;C:\Users\dheeraj.pampally\Downloads;;C:\Users\dheeraj.pampally\Downloads;;."/>
    <property name="java.vm.info" value="mixed mode, sharing"/>
    <property name="stderr.encoding" value="Cp1252"/>
    <property name="java.vendor" value="Oracle Corporation"/>
    <property name="java.vm.version" value="21.0.3+7-LTS-152"/>
    <property name="sun.io.unicode.encoding" value="UnicodeLittle"/>
    <property name="java.class.version" value="65.0"/>
  </properties>
  <testcase name="contextLoads" classname="com.redis.RedisApplicationTests" time="0.817">
    <system-out><![CDATA[17:07:02.647 [main] INFO org.springframework.test.context.support.AnnotationConfigContextLoaderUtils -- Could not detect default configuration classes for test class [com.redis.RedisApplicationTests]: RedisApplicationTests does not declare any static, non-private, non-final, nested classes annotated with @Configuration.
17:07:02.760 [main] INFO org.springframework.boot.test.context.SpringBootTestContextBootstrapper -- Found @SpringBootConfiguration com.redis.RedisApplication for test class com.redis.RedisApplicationTests

  .   ____          _            __ _ _
 /\\ / ___'_ __ _ _(_)_ __  __ _ \ \ \ \
( ( )\___ | '_ | '_| | '_ \/ _` | \ \ \ \
 \\/  ___)| |_)| | | | | || (_| |  ) ) ) )
  '  |____| .__|_| |_|_| |_\__, | / / / /
 =========|_|==============|___/=/_/_/_/

 :: Spring Boot ::       (v3.3.2-SNAPSHOT)

2024-07-09T17:07:03.196+05:30  INFO 22700 --- [           main] com.redis.RedisApplicationTests          : Starting RedisApplicationTests using Java 21.0.3 with PID 22700 (started by dheeraj.pampally in D:\Redis_Final\redis)
2024-07-09T17:07:03.197+05:30  INFO 22700 --- [           main] com.redis.RedisApplicationTests          : No active profile set, falling back to 1 default profile: "default"
2024-07-09T17:07:04.052+05:30  INFO 22700 --- [           main] .s.d.r.c.RepositoryConfigurationDelegate : Multiple Spring Data modules found, entering strict repository configuration mode
2024-07-09T17:07:04.056+05:30  INFO 22700 --- [           main] .s.d.r.c.RepositoryConfigurationDelegate : Bootstrapping Spring Data Redis repositories in DEFAULT mode.
2024-07-09T17:07:04.096+05:30  INFO 22700 --- [           main] .s.d.r.c.RepositoryConfigurationDelegate : Finished Spring Data repository scanning in 14 ms. Found 0 Redis repository interfaces.
2024-07-09T17:07:05.353+05:30  INFO 22700 --- [           main] com.redis.RedisApplicationTests          : Started RedisApplicationTests in 2.421 seconds (process running for 3.711)
]]></system-out>
    <system-err><![CDATA[WARNING: A Java agent has been loaded dynamically (C:\Users\dheeraj.pampally\.m2\repository\net\bytebuddy\byte-buddy-agent\1.14.17\byte-buddy-agent-1.14.17.jar)
WARNING: If a serviceability tool is in use, please run with -XX:+EnableDynamicAgentLoading to hide this warning
WARNING: If a serviceability tool is not in use, please run with -Djdk.instrument.traceUsage for more information
WARNING: Dynamic loading of agents will be disallowed by default in a future release
]]></system-err>
  </testcase>
</testsuite>